<?xml version="1.0" encoding="UTF-8"?>
<testsuite name="HelloWordTest" tests="1" skipped="0" failures="0" errors="0" timestamp="2020-05-17T05:26:28" hostname="Dimmys-MacBook-Pro.local" time="0.002">
  <properties/>
  <testcase name="Say Hello" classname="HelloWordTest" time="0.002"/>
  <system-out><![CDATA[]]></system-out>
  <system-err><![CDATA[]]></system-err>
</testsuite>
